<?xml version="1.0" encoding="UTF-8"?>
<!-- Generated by org.testng.reporters.JUnitReportReporter -->
<testsuite hostname="SYS0081" name="com.diw.test.LoginTest" tests="4" failures="0" timestamp="27 May 2014 10:15:55 GMT" time="89.476" errors="0">
  <testcase name="checkUserLogout" time="5.646" classname="com.diw.test.LoginTest"/>
  <testcase name="checkUserLogin" time="42.768" classname="com.diw.test.LoginTest"/>
  <testcase name="checkUserLogout" time="3.421" classname="com.diw.test.LoginTest"/>
  <testcase name="checkUserLogin" time="37.641" classname="com.diw.test.LoginTest"/>
</testsuite> <!-- com.diw.test.LoginTest -->
