<?xml version="1.0" encoding="UTF-8"?>
<!-- Generated by org.testng.reporters.JUnitReportReporter -->
<testsuite hostname="SYS0081" name="com.diw.test.LoginTest" tests="4" failures="0" timestamp="28 May 2014 10:55:23 GMT" time="91.418" errors="0">
  <testcase name="checkUserLogout" time="4.739" classname="com.diw.test.LoginTest"/>
  <testcase name="checkUserLogin" time="30.550" classname="com.diw.test.LoginTest"/>
  <testcase name="checkUserLogin" time="51.882" classname="com.diw.test.LoginTest"/>
  <testcase name="checkUserLogout" time="4.247" classname="com.diw.test.LoginTest"/>
</testsuite> <!-- com.diw.test.LoginTest -->
