<?xml version="1.0" encoding="UTF-8"?>
<!-- Generated by org.testng.reporters.JUnitReportReporter -->
<testsuite hostname="SYS0081" name="com.diw.test.LoginTest" tests="4" failures="0" timestamp="3 Jun 2014 14:05:41 GMT" time="53.929" errors="0">
  <testcase name="checkUserLogin" time="26.449" classname="com.diw.test.LoginTest"/>
  <testcase name="checkUserLogin" time="19.631" classname="com.diw.test.LoginTest"/>
  <testcase name="checkUserLogout" time="3.952" classname="com.diw.test.LoginTest"/>
  <testcase name="checkUserLogout" time="3.897" classname="com.diw.test.LoginTest"/>
</testsuite> <!-- com.diw.test.LoginTest -->
