<?xml version="1.0" encoding="UTF-8"?>
<!-- Generated by org.testng.reporters.JUnitReportReporter -->
<testsuite hostname="SYS0081" name="com.diw.test.LoginTest" tests="2" failures="0" timestamp="27 May 2014 07:24:00 GMT" time="25.167" errors="0">
  <testcase name="checkUserLogout" time="4.305" classname="com.diw.test.LoginTest"/>
  <testcase name="checkUserLogin" time="20.862" classname="com.diw.test.LoginTest"/>
</testsuite> <!-- com.diw.test.LoginTest -->
