<?xml version="1.0" encoding="UTF-8"?>
<!-- Generated by org.testng.reporters.JUnitReportReporter -->
<testsuite hostname="SYS0081" name="com.diw.test.LoginTest" tests="2" failures="0" timestamp="29 May 2014 09:13:47 GMT" time="33.040" errors="0">
  <testcase name="checkUserLogout" time="5.731" classname="com.diw.test.LoginTest"/>
  <testcase name="checkUserLogin" time="27.309" classname="com.diw.test.LoginTest"/>
</testsuite> <!-- com.diw.test.LoginTest -->
