<?xml version="1.0" encoding="UTF-8"?>
<!-- Generated by org.testng.reporters.JUnitReportReporter -->
<testsuite hostname="SYS0081" name="com.diw.test.LoginTest" tests="2" failures="0" timestamp="28 May 2014 10:56:54 GMT" time="33.223" errors="0">
  <testcase name="checkUserLogin" time="29.286" classname="com.diw.test.LoginTest"/>
  <testcase name="checkUserLogout" time="3.937" classname="com.diw.test.LoginTest"/>
</testsuite> <!-- com.diw.test.LoginTest -->
